#
# A fatal error has been detected by the Java Runtime Environment:
#
#  SIGSEGV (0xb) at pc=0x000000010d60c228, pid=774, tid=17155
#
# JRE version: Java(TM) SE Runtime Environment (8.0_11-b12) (build 1.8.0_11-b12)
# Java VM: Java HotSpot(TM) 64-Bit Server VM (25.11-b03 mixed mode bsd-amd64 compressed oops)
# Problematic frame:
# V  [libjvm.dylib+0x40c228]
#
# Failed to write core dump. Core dumps have been disabled. To enable core dumping, try "ulimit -c unlimited" before starting Java again
#
# If you would like to submit a bug report, please visit:
#   http://bugreport.sun.com/bugreport/crash.jsp
#

---------------  T H R E A D  ---------------

Current thread (0x00007fc472827800):  JavaThread "JDWP Transport Listener: dt_socket" daemon [_thread_in_vm, id=17155, stack(0x00007000035a0000,0x00007000036a0000)]

siginfo:si_signo=SIGSEGV: si_errno=0, si_code=1 (SEGV_MAPERR), si_addr=0x0000000000000002

Registers:
RAX=0x0000000000000001, RBX=0x000070000369fa8b, RCX=0x000000010d9b0780, RDX=0x000070000369fa8b
RSP=0x000070000369f9d0, RBP=0x000070000369f9e0, RSI=0x00007fc472827800, RDI=0x0000000000000002
R8 =0x0000000000000000, R9 =0x00007fc4726219f0, R10=0x0000000000000001, R11=0x0000000000000001
R12=0x00007fc472827800, R13=0x0000000000000002, R14=0x0000000000000002, R15=0x00007fc472700e00
RIP=0x000000010d60c228, EFLAGS=0x0000000000010202, ERR=0x0000000000000004
  TRAPNO=0x000000000000000e

Top of Stack: (sp=0x000070000369f9d0)
0x000070000369f9d0:   000070000369fa8b 000070000369fa8b
0x000070000369f9e0:   000070000369fa40 000000010d52552a
0x000070000369f9f0:   00007fc472827800 0000000000000000
0x000070000369fa00:   0000000000000000 0000000000000000
0x000070000369fa10:   00007fc472827800 00007fc472827800
0x000070000369fa20:   000070000369fa8b 000070000369fa90
0x000070000369fa30:   0000000000000002 0000000000000002
0x000070000369fa40:   000070000369fa60 000000010c8b97dc
0x000070000369fa50:   0000000000000001 000070000369fb08
0x000070000369fa60:   000070000369fad0 000000010c89e263
0x000070000369fa70:   000070000369faa0 00007fc472623150
0x000070000369fa80:   0000000300000032 000000090069fb08
0x000070000369fa90:   0000000000000000 0000000000000000
0x000070000369faa0:   0000000000000000 000070000369fc90
0x000070000369fab0:   000000010c8c0eca 00007fc472541a30
0x000070000369fac0:   000070000369fb08 000000010c8cc588
0x000070000369fad0:   000070000369fae0 000000010c89e35c
0x000070000369fae0:   000070000369fd00 000000010c8a78f6
0x000070000369faf0:   0000171d00000013 00000000000f0200
0x000070000369fb00:   00007fc472528a60 000070000369fbe7
0x000070000369fb10:   00007fc40000009d 000070000369fb20
0x000070000369fb20:   00007fc40000008f 000070000369fb58
0x000070000369fb30:   0000000000000000 0000000000000000
0x000070000369fb40:   0000171d0000000f 0000000000000080
0x000070000369fb50:   000070000369fb58 c47f000003000000
0x000070000369fb60:   1800000088ed7072 536e6961746e6f63
0x000070000369fb70:   4665636e61757165 74726174536d6f72
0x000070000369fb80:   6a4c5b2829000000 676e616c2f617661
0x000070000369fb90:   3b676e697274532f 6c2f6176616a4c5b
0x000070000369fba0:   697274532f676e61 0000005a293b676e
0x000070000369fbb0:   7f00000a00000000 000000501c5472c4
0x000070000369fbc0:   0000006e69616d04 6176616a4c5b2816 

Instructions: (pc=0x000000010d60c228)
0x000000010d60c208:   40 48 48 85 c0 75 e0 30 c0 0f b6 c0 5d c3 31 c0
0x000000010d60c218:   5d c3 55 48 89 e5 53 48 83 ec 08 48 85 ff 74 24
0x000000010d60c228:   48 8b 1f 48 85 db 74 1c 48 83 fb 37 74 16 48 8b
0x000000010d60c238:   03 48 89 df ff 50 08 84 c0 b8 00 00 00 00 48 0f 

Register to memory mapping:

RAX=0x0000000000000001 is an unknown value
RBX=0x000070000369fa8b is pointing into the stack for thread: 0x00007fc472827800
RCX=0x000000010d9b0780: UseMembar+0 in /Library/Java/JavaVirtualMachines/jdk1.8.0_11.jdk/Contents/Home/jre/lib/server/libjvm.dylib at 0x000000010d200000
RDX=0x000070000369fa8b is pointing into the stack for thread: 0x00007fc472827800
RSP=0x000070000369f9d0 is pointing into the stack for thread: 0x00007fc472827800
RBP=0x000070000369f9e0 is pointing into the stack for thread: 0x00007fc472827800
RSI=0x00007fc472827800 is a thread
RDI=0x0000000000000002 is an unknown value
R8 =0x0000000000000000 is an unknown value
R9 =0x00007fc4726219f0 is an unknown value
R10=0x0000000000000001 is an unknown value
R11=0x0000000000000001 is an unknown value
R12=0x00007fc472827800 is a thread
R13=0x0000000000000002 is an unknown value
R14=0x0000000000000002 is an unknown value
R15=0x00007fc472700e00 is an unknown value


Stack: [0x00007000035a0000,0x00007000036a0000],  sp=0x000070000369f9d0,  free space=1022k
Native frames: (J=compiled Java code, j=interpreted, Vv=VM code, C=native code)
V  [libjvm.dylib+0x40c228]
V  [libjvm.dylib+0x32552a]
C  [libjdwp.dylib+0x207dc]  isMethodSynthetic+0x63
C  [libjdwp.dylib+0x5263]  methods1+0x10b
C  [libjdwp.dylib+0x535c]  methodsWithGeneric+0xe
C  [libjdwp.dylib+0xe8f6]  debugLoop_run+0x1ce
C  [libjdwp.dylib+0x1f716]  attachThread+0x4d
V  [libjvm.dylib+0x36659a]
V  [libjvm.dylib+0x51d86d]
V  [libjvm.dylib+0x51efaa]
V  [libjvm.dylib+0x446026]
C  [libsystem_pthread.dylib+0x393b]  _pthread_body+0xb4
C  [libsystem_pthread.dylib+0x3887]  _pthread_body+0x0
C  [libsystem_pthread.dylib+0x308d]  thread_start+0xd


---------------  P R O C E S S  ---------------

Java Threads: ( => current thread )
  0x00007fc473027000 JavaThread "Service Thread" daemon [_thread_blocked, id=20227, stack(0x0000700003bb2000,0x0000700003cb2000)]
  0x00007fc473025000 JavaThread "C1 CompilerThread2" daemon [_thread_blocked, id=19715, stack(0x0000700003aaf000,0x0000700003baf000)]
  0x00007fc47401f000 JavaThread "C2 CompilerThread1" daemon [_thread_blocked, id=19203, stack(0x00007000039ac000,0x0000700003aac000)]
  0x00007fc472828800 JavaThread "C2 CompilerThread0" daemon [_thread_blocked, id=18691, stack(0x00007000038a9000,0x00007000039a9000)]
  0x00007fc473838800 JavaThread "JDWP Command Reader" daemon [_thread_in_native, id=18179, stack(0x00007000037a6000,0x00007000038a6000)]
  0x00007fc473021800 JavaThread "JDWP Event Helper Thread" daemon [_thread_blocked, id=17667, stack(0x00007000036a3000,0x00007000037a3000)]
=>0x00007fc472827800 JavaThread "JDWP Transport Listener: dt_socket" daemon [_thread_in_vm, id=17155, stack(0x00007000035a0000,0x00007000036a0000)]
  0x00007fc473020800 JavaThread "Signal Dispatcher" daemon [_thread_blocked, id=16643, stack(0x000070000349d000,0x000070000359d000)]
  0x00007fc472814000 JavaThread "Finalizer" daemon [_thread_blocked, id=12547, stack(0x000070000339a000,0x000070000349a000)]
  0x00007fc472813000 JavaThread "Reference Handler" daemon [_thread_blocked, id=12035, stack(0x0000700003297000,0x0000700003397000)]
  0x00007fc474000800 JavaThread "main" [_thread_blocked, id=7171, stack(0x0000700002c85000,0x0000700002d85000)]

Other Threads:
  0x00007fc47280e800 VMThread [stack: 0x0000700003194000,0x0000700003294000] [id=11523]
  0x00007fc472893000 WatcherThread [stack: 0x0000700003cb5000,0x0000700003db5000] [id=20739]

VM state:not at safepoint (normal execution)

VM Mutex/Monitor currently owned by a thread: None

Heap:
 PSYoungGen      total 1536K, used 802K [0x0000000795580000, 0x0000000795780000, 0x00000007c0000000)
  eden space 1024K, 28% used [0x0000000795580000,0x00000007955c88a8,0x0000000795680000)
  from space 512K, 100% used [0x0000000795700000,0x0000000795780000,0x0000000795780000)
  to   space 512K, 0% used [0x0000000795680000,0x0000000795680000,0x0000000795700000)
 ParOldGen       total 129536K, used 48K [0x0000000740000000, 0x0000000747e80000, 0x0000000795580000)
  object space 129536K, 0% used [0x0000000740000000,0x000000074000c000,0x0000000747e80000)
 Metaspace       used 2821K, capacity 4568K, committed 4864K, reserved 1056768K
  class space    used 305K, capacity 392K, committed 512K, reserved 1048576K

Card table byte_map: [0x000000010e481000,0x000000010e882000] byte_map_base: 0x000000010aa81000

Marking Bits: (ParMarkBitMap*) 0x000000010da670a0
 Begin Bits: [0x000000010eb2d000, 0x0000000110b2d000)
 End Bits:   [0x0000000110b2d000, 0x0000000112b2d000)

Polling page: 0x000000010c898000

CodeCache: size=245760Kb used=1239Kb max_used=1239Kb free=244520Kb
 bounds [0x0000000119560000, 0x00000001197d0000, 0x0000000128560000]
 total_blobs=317 nmethods=92 adapters=149
 compilation: enabled

Compilation events (10 events):
Event: 0.271 Thread 0x00007fc473025000   88       3       java.util.ArrayList::get (11 bytes)
Event: 0.271 Thread 0x00007fc473025000 nmethod 88 0x0000000119692f50 code [0x00000001196930e0, 0x0000000119693438]
Event: 0.271 Thread 0x00007fc473025000   89       3       java.util.ArrayList::rangeCheck (22 bytes)
Event: 0.272 Thread 0x00007fc473025000 nmethod 89 0x0000000119693690 code [0x00000001196938a0, 0x00000001196942f8]
Event: 22493.429 Thread 0x00007fc473025000   90   !   3       sun.misc.URLClassPath$JarLoader::ensureOpen (32 bytes)
Event: 22493.431 Thread 0x00007fc473025000 nmethod 90 0x00000001196948d0 code [0x0000000119694a60, 0x0000000119694ec8]
Event: 22493.431 Thread 0x00007fc473025000   91       3       java.util.jar.JarFile::getJarEntry (9 bytes)
Event: 22493.432 Thread 0x00007fc473025000 nmethod 91 0x0000000119695090 code [0x0000000119695220, 0x00000001196956f8]
Event: 22493.432 Thread 0x00007fc473025000   92       3       java.util.jar.JarFile::getEntry (22 bytes)
Event: 22493.432 Thread 0x00007fc473025000 nmethod 92 0x0000000119695910 code [0x0000000119695aa0, 0x0000000119695e18]

GC Heap History (4 events):
Event: 0.169 GC heap before
{Heap before GC invocations=1 (full 0):
 PSYoungGen      total 1024K, used 512K [0x0000000795580000, 0x0000000795700000, 0x00000007c0000000)
  eden space 512K, 100% used [0x0000000795580000,0x0000000795600000,0x0000000795600000)
  from space 512K, 0% used [0x0000000795680000,0x0000000795680000,0x0000000795700000)
  to   space 512K, 0% used [0x0000000795600000,0x0000000795600000,0x0000000795680000)
 ParOldGen       total 129536K, used 0K [0x0000000740000000, 0x0000000747e80000, 0x0000000795580000)
  object space 129536K, 0% used [0x0000000740000000,0x0000000740000000,0x0000000747e80000)
 Metaspace       used 2285K, capacity 4480K, committed 4480K, reserved 1056768K
  class space    used 247K, capacity 384K, committed 384K, reserved 1048576K
Event: 0.172 GC heap after
Heap after GC invocations=1 (full 0):
 PSYoungGen      total 1024K, used 384K [0x0000000795580000, 0x0000000795780000, 0x00000007c0000000)
  eden space 512K, 0% used [0x0000000795580000,0x0000000795580000,0x0000000795600000)
  from space 512K, 75% used [0x0000000795600000,0x0000000795660020,0x0000000795680000)
  to   space 512K, 0% used [0x0000000795700000,0x0000000795700000,0x0000000795780000)
 ParOldGen       total 129536K, used 0K [0x0000000740000000, 0x0000000747e80000, 0x0000000795580000)
  object space 129536K, 0% used [0x0000000740000000,0x0000000740000000,0x0000000747e80000)
 Metaspace       used 2285K, capacity 4480K, committed 4480K, reserved 1056768K
  class space    used 247K, capacity 384K, committed 384K, reserved 1048576K
}
Event: 0.232 GC heap before
{Heap before GC invocations=2 (full 0):
 PSYoungGen      total 1024K, used 890K [0x0000000795580000, 0x0000000795780000, 0x00000007c0000000)
  eden space 512K, 98% used [0x0000000795580000,0x00000007955feb78,0x0000000795600000)
  from space 512K, 75% used [0x0000000795600000,0x0000000795660020,0x0000000795680000)
  to   space 512K, 0% used [0x0000000795700000,0x0000000795700000,0x0000000795780000)
 ParOldGen       total 129536K, used 0K [0x0000000740000000, 0x0000000747e80000, 0x0000000795580000)
  object space 129536K, 0% used [0x0000000740000000,0x0000000740000000,0x0000000747e80000)
 Metaspace       used 2660K, capacity 4480K, committed 4480K, reserved 1056768K
  class space    used 287K, capacity 384K, committed 384K, reserved 1048576K
Event: 0.236 GC heap after
Heap after GC invocations=2 (full 0):
 PSYoungGen      total 1536K, used 512K [0x0000000795580000, 0x0000000795780000, 0x00000007c0000000)
  eden space 1024K, 0% used [0x0000000795580000,0x0000000795580000,0x0000000795680000)
  from space 512K, 100% used [0x0000000795700000,0x0000000795780000,0x0000000795780000)
  to   space 512K, 0% used [0x0000000795680000,0x0000000795680000,0x0000000795700000)
 ParOldGen       total 129536K, used 48K [0x0000000740000000, 0x0000000747e80000, 0x0000000795580000)
  object space 129536K, 0% used [0x0000000740000000,0x000000074000c000,0x0000000747e80000)
 Metaspace       used 2660K, capacity 4480K, committed 4480K, reserved 1056768K
  class space    used 287K, capacity 384K, committed 384K, reserved 1048576K
}

Deoptimization events (0 events):
No events

Internal exceptions (10 events):
Event: 0.237 Thread 0x00007fc474000800 Exception <a 'java/security/PrivilegedActionException'> (0x00000007955853a0) thrown at [/HUDSON3/workspace/8-2-build-macosx-x86_64/jdk8u11/648/hotspot/src/share/vm/prims/jvm.cpp, line 1248]
Event: 0.237 Thread 0x00007fc474000800 Exception <a 'java/security/PrivilegedActionException'> (0x0000000795585558) thrown at [/HUDSON3/workspace/8-2-build-macosx-x86_64/jdk8u11/648/hotspot/src/share/vm/prims/jvm.cpp, line 1248]
Event: 0.238 Thread 0x00007fc474000800 Exception <a 'java/security/PrivilegedActionException'> (0x00000007955858c8) thrown at [/HUDSON3/workspace/8-2-build-macosx-x86_64/jdk8u11/648/hotspot/src/share/vm/prims/jvm.cpp, line 1248]
Event: 0.254 Thread 0x00007fc474000800 Exception <a 'java/security/PrivilegedActionException'> (0x00000007955af628) thrown at [/HUDSON3/workspace/8-2-build-macosx-x86_64/jdk8u11/648/hotspot/src/share/vm/prims/jvm.cpp, line 1248]
Event: 0.255 Thread 0x00007fc474000800 Exception <a 'java/security/PrivilegedActionException'> (0x00000007955b1fd0) thrown at [/HUDSON3/workspace/8-2-build-macosx-x86_64/jdk8u11/648/hotspot/src/share/vm/prims/jvm.cpp, line 1248]
Event: 0.256 Thread 0x00007fc474000800 Exception <a 'java/security/PrivilegedActionException'> (0x00000007955b49b8) thrown at [/HUDSON3/workspace/8-2-build-macosx-x86_64/jdk8u11/648/hotspot/src/share/vm/prims/jvm.cpp, line 1248]
Event: 0.257 Thread 0x00007fc474000800 Exception <a 'java/security/PrivilegedActionException'> (0x00000007955b71e0) thrown at [/HUDSON3/workspace/8-2-build-macosx-x86_64/jdk8u11/648/hotspot/src/share/vm/prims/jvm.cpp, line 1248]
Event: 0.268 Thread 0x00007fc474000800 Exception <a 'java/security/PrivilegedActionException'> (0x00000007955ba788) thrown at [/HUDSON3/workspace/8-2-build-macosx-x86_64/jdk8u11/648/hotspot/src/share/vm/prims/jvm.cpp, line 1248]
Event: 0.269 Thread 0x00007fc474000800 Exception <a 'java/security/PrivilegedActionException'> (0x00000007955bcf50) thrown at [/HUDSON3/workspace/8-2-build-macosx-x86_64/jdk8u11/648/hotspot/src/share/vm/prims/jvm.cpp, line 1248]
Event: 22493.430 Thread 0x00007fc472827800 Exception <a 'java/security/PrivilegedActionException'> (0x00000007955c4208) thrown at [/HUDSON3/workspace/8-2-build-macosx-x86_64/jdk8u11/648/hotspot/src/share/vm/prims/jvm.cpp, line 1248]

Events (10 events):
Event: 26220.992 Executing VM operation: ChangeBreakpoints
Event: 26220.992 Executing VM operation: ChangeBreakpoints done
Event: 26220.993 Executing VM operation: ChangeBreakpoints
Event: 26220.993 Executing VM operation: ChangeBreakpoints done
Event: 26220.996 Executing VM operation: RedefineClasses
Event: 26220.998 Executing VM operation: RedefineClasses done
Event: 26220.999 Executing VM operation: GetOrSetLocal
Event: 26220.999 Executing VM operation: GetOrSetLocal done
Event: 26221.033 Executing VM operation: ChangeBreakpoints
Event: 26221.033 Executing VM operation: ChangeBreakpoints done


Dynamic libraries:
0x0000000050231000 	/System/Library/Frameworks/Cocoa.framework/Versions/A/Cocoa
0x0000000050231000 	/System/Library/Frameworks/Security.framework/Versions/A/Security
0x0000000050231000 	/System/Library/Frameworks/ApplicationServices.framework/Versions/A/ApplicationServices
0x0000000050231000 	/usr/lib/libz.1.dylib
0x0000000050231000 	/usr/lib/libSystem.B.dylib
0x0000000050231000 	/usr/lib/libobjc.A.dylib
0x0000000050231000 	/System/Library/Frameworks/CoreFoundation.framework/Versions/A/CoreFoundation
0x0000000050231000 	/System/Library/Frameworks/Foundation.framework/Versions/C/Foundation
0x0000000050231000 	/System/Library/Frameworks/AppKit.framework/Versions/C/AppKit
0x0000000050231000 	/System/Library/Frameworks/CoreData.framework/Versions/A/CoreData
0x0000000050231000 	/System/Library/PrivateFrameworks/RemoteViewServices.framework/Versions/A/RemoteViewServices
0x0000000050231000 	/System/Library/PrivateFrameworks/UIFoundation.framework/Versions/A/UIFoundation
0x0000000050231000 	/System/Library/PrivateFrameworks/DFRFoundation.framework/Versions/A/DFRFoundation
0x0000000050231000 	/usr/lib/libenergytrace.dylib
0x0000000050231000 	/System/Library/PrivateFrameworks/SkyLight.framework/Versions/A/SkyLight
0x0000000050231000 	/System/Library/Frameworks/CoreGraphics.framework/Versions/A/CoreGraphics
0x0000000050231000 	/usr/lib/libScreenReader.dylib
0x0000000050231000 	/System/Library/Frameworks/Accelerate.framework/Versions/A/Accelerate
0x0000000050231000 	/System/Library/Frameworks/IOSurface.framework/Versions/A/IOSurface
0x0000000050231000 	/System/Library/Frameworks/AudioToolbox.framework/Versions/A/AudioToolbox
0x0000000050231000 	/System/Library/Frameworks/AudioUnit.framework/Versions/A/AudioUnit
0x0000000050231000 	/System/Library/PrivateFrameworks/DataDetectorsCore.framework/Versions/A/DataDetectorsCore
0x0000000050231000 	/System/Library/PrivateFrameworks/DesktopServicesPriv.framework/Versions/A/DesktopServicesPriv
0x0000000050231000 	/System/Library/Frameworks/Carbon.framework/Versions/A/Frameworks/HIToolbox.framework/Versions/A/HIToolbox
0x0000000050231000 	/usr/lib/libicucore.A.dylib
0x0000000050231000 	/System/Library/Frameworks/QuartzCore.framework/Versions/A/QuartzCore
0x0000000050231000 	/System/Library/Frameworks/Carbon.framework/Versions/A/Frameworks/SpeechRecognition.framework/Versions/A/SpeechRecognition
0x0000000050231000 	/usr/lib/libauto.dylib
0x0000000050231000 	/usr/lib/libxml2.2.dylib
0x0000000050231000 	/System/Library/PrivateFrameworks/CoreUI.framework/Versions/A/CoreUI
0x0000000050231000 	/System/Library/Frameworks/CoreAudio.framework/Versions/A/CoreAudio
0x0000000050231000 	/System/Library/Frameworks/DiskArbitration.framework/Versions/A/DiskArbitration
0x0000000050231000 	/usr/lib/liblangid.dylib
0x0000000050231000 	/System/Library/PrivateFrameworks/MultitouchSupport.framework/Versions/A/MultitouchSupport
0x0000000050231000 	/System/Library/Frameworks/IOKit.framework/Versions/A/IOKit
0x0000000050231000 	/usr/lib/libDiagnosticMessagesClient.dylib
0x0000000050231000 	/System/Library/Frameworks/CoreServices.framework/Versions/A/CoreServices
0x0000000050231000 	/System/Library/PrivateFrameworks/PerformanceAnalysis.framework/Versions/A/PerformanceAnalysis
0x0000000050231000 	/System/Library/PrivateFrameworks/GenerationalStorage.framework/Versions/A/GenerationalStorage
0x0000000050231000 	/System/Library/Frameworks/OpenGL.framework/Versions/A/OpenGL
0x0000000050231000 	/System/Library/Frameworks/CoreImage.framework/Versions/A/CoreImage
0x0000000050231000 	/System/Library/Frameworks/CoreText.framework/Versions/A/CoreText
0x0000000050231000 	/System/Library/Frameworks/ImageIO.framework/Versions/A/ImageIO
0x0000000050231000 	/System/Library/PrivateFrameworks/Backup.framework/Versions/A/Backup
0x0000000050231000 	/usr/lib/libarchive.2.dylib
0x0000000050231000 	/System/Library/Frameworks/CFNetwork.framework/Versions/A/CFNetwork
0x0000000050231000 	/System/Library/Frameworks/SystemConfiguration.framework/Versions/A/SystemConfiguration
0x0000000050231000 	/usr/lib/libCRFSuite.dylib
0x0000000050231000 	/usr/lib/libc++.1.dylib
0x0000000050231000 	/usr/lib/libc++abi.dylib
0x0000000050231000 	/usr/lib/system/libcache.dylib
0x0000000050231000 	/usr/lib/system/libcommonCrypto.dylib
0x0000000050231000 	/usr/lib/system/libcompiler_rt.dylib
0x0000000050231000 	/usr/lib/system/libcopyfile.dylib
0x0000000050231000 	/usr/lib/system/libcorecrypto.dylib
0x0000000050231000 	/usr/lib/system/libdispatch.dylib
0x0000000050231000 	/usr/lib/system/libdyld.dylib
0x0000000050231000 	/usr/lib/system/libkeymgr.dylib
0x0000000050231000 	/usr/lib/system/liblaunch.dylib
0x0000000050231000 	/usr/lib/system/libmacho.dylib
0x0000000050231000 	/usr/lib/system/libquarantine.dylib
0x0000000050231000 	/usr/lib/system/libremovefile.dylib
0x0000000050231000 	/usr/lib/system/libsystem_asl.dylib
0x0000000050231000 	/usr/lib/system/libsystem_blocks.dylib
0x0000000050231000 	/usr/lib/system/libsystem_c.dylib
0x0000000050231000 	/usr/lib/system/libsystem_configuration.dylib
0x0000000050231000 	/usr/lib/system/libsystem_coreservices.dylib
0x0000000050231000 	/usr/lib/system/libsystem_coretls.dylib
0x0000000050231000 	/usr/lib/system/libsystem_dnssd.dylib
0x0000000050231000 	/usr/lib/system/libsystem_info.dylib
0x0000000050231000 	/usr/lib/system/libsystem_kernel.dylib
0x0000000050231000 	/usr/lib/system/libsystem_m.dylib
0x0000000050231000 	/usr/lib/system/libsystem_malloc.dylib
0x0000000050231000 	/usr/lib/system/libsystem_network.dylib
0x0000000050231000 	/usr/lib/system/libsystem_networkextension.dylib
0x0000000050231000 	/usr/lib/system/libsystem_notify.dylib
0x0000000050231000 	/usr/lib/system/libsystem_platform.dylib
0x0000000050231000 	/usr/lib/system/libsystem_pthread.dylib
0x0000000050231000 	/usr/lib/system/libsystem_sandbox.dylib
0x0000000050231000 	/usr/lib/system/libsystem_secinit.dylib
0x0000000050231000 	/usr/lib/system/libsystem_symptoms.dylib
0x0000000050231000 	/usr/lib/system/libsystem_trace.dylib
0x0000000050231000 	/usr/lib/system/libunwind.dylib
0x0000000050231000 	/usr/lib/system/libxpc.dylib
0x0000000050231000 	/usr/lib/libbsm.0.dylib
0x0000000050231000 	/usr/lib/system/libkxld.dylib
0x0000000050231000 	/usr/lib/libcoretls.dylib
0x0000000050231000 	/usr/lib/libcoretls_cfhelpers.dylib
0x0000000050231000 	/usr/lib/libOpenScriptingUtil.dylib
0x0000000050231000 	/usr/lib/libpam.2.dylib
0x0000000050231000 	/usr/lib/libsqlite3.dylib
0x0000000050231000 	/usr/lib/libxar.1.dylib
0x0000000050231000 	/usr/lib/libbz2.1.0.dylib
0x0000000050231000 	/usr/lib/liblzma.5.dylib
0x0000000050231000 	/usr/lib/libnetwork.dylib
0x0000000050231000 	/usr/lib/libpcap.A.dylib
0x0000000050231000 	/System/Library/Frameworks/CoreServices.framework/Versions/A/Frameworks/FSEvents.framework/Versions/A/FSEvents
0x0000000050231000 	/System/Library/Frameworks/CoreServices.framework/Versions/A/Frameworks/CarbonCore.framework/Versions/A/CarbonCore
0x0000000050231000 	/System/Library/Frameworks/CoreServices.framework/Versions/A/Frameworks/Metadata.framework/Versions/A/Metadata
0x0000000050231000 	/System/Library/Frameworks/CoreServices.framework/Versions/A/Frameworks/OSServices.framework/Versions/A/OSServices
0x0000000050231000 	/System/Library/Frameworks/CoreServices.framework/Versions/A/Frameworks/SearchKit.framework/Versions/A/SearchKit
0x0000000050231000 	/System/Library/Frameworks/CoreServices.framework/Versions/A/Frameworks/AE.framework/Versions/A/AE
0x0000000050231000 	/System/Library/Frameworks/CoreServices.framework/Versions/A/Frameworks/LaunchServices.framework/Versions/A/LaunchServices
0x0000000050231000 	/System/Library/Frameworks/CoreServices.framework/Versions/A/Frameworks/DictionaryServices.framework/Versions/A/DictionaryServices
0x0000000050231000 	/System/Library/Frameworks/CoreServices.framework/Versions/A/Frameworks/SharedFileList.framework/Versions/A/SharedFileList
0x0000000050231000 	/System/Library/Frameworks/NetFS.framework/Versions/A/NetFS
0x0000000050231000 	/System/Library/PrivateFrameworks/NetAuth.framework/Versions/A/NetAuth
0x0000000050231000 	/System/Library/PrivateFrameworks/login.framework/Versions/A/Frameworks/loginsupport.framework/Versions/A/loginsupport
0x0000000050231000 	/System/Library/PrivateFrameworks/TCC.framework/Versions/A/TCC
0x0000000050231000 	/usr/lib/libmecabra.dylib
0x0000000050231000 	/System/Library/Frameworks/ApplicationServices.framework/Versions/A/Frameworks/ATS.framework/Versions/A/ATS
0x0000000050231000 	/System/Library/Frameworks/ApplicationServices.framework/Versions/A/Frameworks/ColorSync.framework/Versions/A/ColorSync
0x0000000050231000 	/System/Library/Frameworks/ApplicationServices.framework/Versions/A/Frameworks/HIServices.framework/Versions/A/HIServices
0x0000000050231000 	/System/Library/Frameworks/ApplicationServices.framework/Versions/A/Frameworks/LangAnalysis.framework/Versions/A/LangAnalysis
0x0000000050231000 	/System/Library/Frameworks/ApplicationServices.framework/Versions/A/Frameworks/PrintCore.framework/Versions/A/PrintCore
0x0000000050231000 	/System/Library/Frameworks/ApplicationServices.framework/Versions/A/Frameworks/QD.framework/Versions/A/QD
0x0000000050231000 	/System/Library/Frameworks/ApplicationServices.framework/Versions/A/Frameworks/SpeechSynthesis.framework/Versions/A/SpeechSynthesis
0x0000000050231000 	/System/Library/Frameworks/Accelerate.framework/Versions/A/Frameworks/vImage.framework/Versions/A/vImage
0x0000000050231000 	/System/Library/Frameworks/Accelerate.framework/Versions/A/Frameworks/vecLib.framework/Versions/A/vecLib
0x0000000050231000 	/System/Library/Frameworks/Accelerate.framework/Versions/A/Frameworks/vecLib.framework/Versions/A/libvDSP.dylib
0x0000000050231000 	/System/Library/Frameworks/Accelerate.framework/Versions/A/Frameworks/vecLib.framework/Versions/A/libBNNS.dylib
0x0000000050231000 	/System/Library/Frameworks/Accelerate.framework/Versions/A/Frameworks/vecLib.framework/Versions/A/libQuadrature.dylib
0x0000000050231000 	/System/Library/Frameworks/Accelerate.framework/Versions/A/Frameworks/vecLib.framework/Versions/A/libvMisc.dylib
0x0000000050231000 	/System/Library/Frameworks/Accelerate.framework/Versions/A/Frameworks/vecLib.framework/Versions/A/libLAPACK.dylib
0x0000000050231000 	/System/Library/Frameworks/Accelerate.framework/Versions/A/Frameworks/vecLib.framework/Versions/A/libBLAS.dylib
0x0000000050231000 	/System/Library/Frameworks/Accelerate.framework/Versions/A/Frameworks/vecLib.framework/Versions/A/libLinearAlgebra.dylib
0x0000000050231000 	/System/Library/Frameworks/Accelerate.framework/Versions/A/Frameworks/vecLib.framework/Versions/A/libSparseBLAS.dylib
0x0000000050231000 	/System/Library/Frameworks/ApplicationServices.framework/Versions/A/Frameworks/ATS.framework/Versions/A/Resources/libFontParser.dylib
0x0000000050231000 	/System/Library/Frameworks/ApplicationServices.framework/Versions/A/Frameworks/ATS.framework/Versions/A/Resources/libFontRegistry.dylib
0x0000000050231000 	/System/Library/Frameworks/ImageIO.framework/Versions/A/Resources/libJPEG.dylib
0x0000000050231000 	/System/Library/Frameworks/ImageIO.framework/Versions/A/Resources/libTIFF.dylib
0x0000000050231000 	/System/Library/Frameworks/ImageIO.framework/Versions/A/Resources/libPng.dylib
0x0000000050231000 	/System/Library/Frameworks/ImageIO.framework/Versions/A/Resources/libGIF.dylib
0x0000000050231000 	/System/Library/Frameworks/ImageIO.framework/Versions/A/Resources/libJP2.dylib
0x0000000050231000 	/System/Library/Frameworks/ImageIO.framework/Versions/A/Resources/libRadiance.dylib
0x0000000050231000 	/usr/lib/libcompression.dylib
0x0000000050231000 	/System/Library/PrivateFrameworks/AppleJPEG.framework/Versions/A/AppleJPEG
0x0000000050231000 	/usr/lib/libcups.2.dylib
0x0000000050231000 	/System/Library/Frameworks/Kerberos.framework/Versions/A/Kerberos
0x0000000050231000 	/System/Library/Frameworks/GSS.framework/Versions/A/GSS
0x0000000050231000 	/usr/lib/libresolv.9.dylib
0x0000000050231000 	/usr/lib/libiconv.2.dylib
0x0000000050231000 	/System/Library/PrivateFrameworks/Heimdal.framework/Versions/A/Heimdal
0x0000000050231000 	/usr/lib/libheimdal-asn1.dylib
0x0000000050231000 	/System/Library/Frameworks/OpenDirectory.framework/Versions/A/OpenDirectory
0x0000000050231000 	/System/Library/PrivateFrameworks/CommonAuth.framework/Versions/A/CommonAuth
0x0000000050231000 	/System/Library/Frameworks/OpenDirectory.framework/Versions/A/Frameworks/CFOpenDirectory.framework/Versions/A/CFOpenDirectory
0x0000000050231000 	/System/Library/Frameworks/SecurityFoundation.framework/Versions/A/SecurityFoundation
0x0000000050231000 	/System/Library/PrivateFrameworks/LanguageModeling.framework/Versions/A/LanguageModeling
0x0000000050231000 	/usr/lib/libmarisa.dylib
0x0000000050231000 	/usr/lib/libChineseTokenizer.dylib
0x0000000050231000 	/usr/lib/libcmph.dylib
0x0000000050231000 	/System/Library/PrivateFrameworks/CoreEmoji.framework/Versions/A/CoreEmoji
0x0000000050231000 	/System/Library/Frameworks/ServiceManagement.framework/Versions/A/ServiceManagement
0x0000000050231000 	/usr/lib/libxslt.1.dylib
0x0000000050231000 	/System/Library/Frameworks/Carbon.framework/Versions/A/Frameworks/Ink.framework/Versions/A/Ink
0x0000000050231000 	/System/Library/PrivateFrameworks/TextureIO.framework/Versions/A/TextureIO
0x0000000050231000 	/System/Library/Frameworks/Metal.framework/Versions/A/Metal
0x0000000050231000 	/usr/lib/libate.dylib
0x0000000050231000 	/System/Library/PrivateFrameworks/GPUCompiler.framework/libmetal_timestamp.dylib
0x0000000050231000 	/System/Library/Frameworks/OpenGL.framework/Versions/A/Libraries/libCoreFSCache.dylib
0x0000000050231000 	/System/Library/PrivateFrameworks/IOAccelerator.framework/Versions/A/IOAccelerator
0x0000000050231000 	/System/Library/Frameworks/CoreVideo.framework/Versions/A/CoreVideo
0x0000000050231000 	/usr/lib/libFosl_dynamic.dylib
0x0000000050231000 	/System/Library/PrivateFrameworks/MetalPerformanceShaders.framework/Versions/A/MetalPerformanceShaders
0x0000000050231000 	/System/Library/PrivateFrameworks/FaceCore.framework/Versions/A/FaceCore
0x0000000050231000 	/System/Library/Frameworks/OpenCL.framework/Versions/A/OpenCL
0x0000000050231000 	/System/Library/Frameworks/OpenGL.framework/Versions/A/Libraries/libGLU.dylib
0x0000000050231000 	/System/Library/Frameworks/OpenGL.framework/Versions/A/Libraries/libGFXShared.dylib
0x0000000050231000 	/System/Library/Frameworks/OpenGL.framework/Versions/A/Libraries/libGL.dylib
0x0000000050231000 	/System/Library/Frameworks/OpenGL.framework/Versions/A/Libraries/libGLImage.dylib
0x0000000050231000 	/System/Library/Frameworks/OpenGL.framework/Versions/A/Libraries/libCVMSPluginSupport.dylib
0x0000000050231000 	/System/Library/Frameworks/OpenGL.framework/Versions/A/Libraries/libCoreVMClient.dylib
0x0000000050231000 	/System/Library/PrivateFrameworks/CrashReporterSupport.framework/Versions/A/CrashReporterSupport
0x0000000050231000 	/System/Library/PrivateFrameworks/Sharing.framework/Versions/A/Sharing
0x0000000050231000 	/System/Library/PrivateFrameworks/IconServices.framework/Versions/A/IconServices
0x0000000050231000 	/System/Library/PrivateFrameworks/ProtocolBuffer.framework/Versions/A/ProtocolBuffer
0x0000000050231000 	/System/Library/PrivateFrameworks/Apple80211.framework/Versions/A/Apple80211
0x0000000050231000 	/System/Library/Frameworks/CoreWLAN.framework/Versions/A/CoreWLAN
0x0000000050231000 	/System/Library/PrivateFrameworks/CoreUtils.framework/Versions/A/CoreUtils
0x0000000050231000 	/System/Library/Frameworks/IOBluetooth.framework/Versions/A/IOBluetooth
0x0000000050231000 	/System/Library/PrivateFrameworks/CoreWiFi.framework/Versions/A/CoreWiFi
0x0000000050231000 	/System/Library/Frameworks/CoreBluetooth.framework/Versions/A/CoreBluetooth
0x0000000050231000 	/System/Library/Frameworks/CoreDisplay.framework/Versions/A/CoreDisplay
0x0000000050231000 	/System/Library/PrivateFrameworks/IOPresentment.framework/Versions/A/IOPresentment
0x0000000050231000 	/System/Library/PrivateFrameworks/DSExternalDisplay.framework/Versions/A/DSExternalDisplay
0x0000000050231000 	/System/Library/PrivateFrameworks/DebugSymbols.framework/Versions/A/DebugSymbols
0x0000000050231000 	/System/Library/PrivateFrameworks/CoreSymbolication.framework/Versions/A/CoreSymbolication
0x0000000050231000 	/System/Library/PrivateFrameworks/Symbolication.framework/Versions/A/Symbolication
0x0000000050231000 	/System/Library/PrivateFrameworks/AppleFSCompression.framework/Versions/A/AppleFSCompression
0x0000000050231000 	/System/Library/PrivateFrameworks/SpeechRecognitionCore.framework/Versions/A/SpeechRecognitionCore
0x0000000050231000 	/System/Library/PrivateFrameworks/ChunkingLibrary.framework/Versions/A/ChunkingLibrary
0x000000010d200000 	/Library/Java/JavaVirtualMachines/jdk1.8.0_11.jdk/Contents/Home/jre/lib/server/libjvm.dylib
0x0000000050231000 	/usr/lib/libstdc++.6.dylib
0x000000010c856000 	/Library/Java/JavaVirtualMachines/jdk1.8.0_11.jdk/Contents/Home/jre/lib/libverify.dylib
0x000000010c864000 	/Library/Java/JavaVirtualMachines/jdk1.8.0_11.jdk/Contents/Home/jre/lib/libjava.dylib
0x000000010c899000 	/Library/Java/JavaVirtualMachines/jdk1.8.0_11.jdk/Contents/Home/jre/lib/libjdwp.dylib
0x000000010c8e4000 	/Library/Java/JavaVirtualMachines/jdk1.8.0_11.jdk/Contents/Home/jre/lib/libnpt.dylib
0x000000010c8f1000 	/Library/Java/JavaVirtualMachines/jdk1.8.0_11.jdk/Contents/Home/jre/lib/libzip.dylib
0x0000000114924000 	/System/Library/Frameworks/JavaVM.framework/Frameworks/JavaRuntimeSupport.framework/JavaRuntimeSupport
0x000000011493e000 	/System/Library/Frameworks/JavaVM.framework/Versions/A/Frameworks/JavaNativeFoundation.framework/Versions/A/JavaNativeFoundation
0x0000000114953000 	/System/Library/Frameworks/JavaVM.framework/Versions/A/JavaVM
0x0000000050231000 	/System/Library/Frameworks/Carbon.framework/Versions/A/Carbon
0x0000000114960000 	/System/Library/PrivateFrameworks/JavaLaunching.framework/Versions/A/JavaLaunching
0x0000000050231000 	/System/Library/Frameworks/Carbon.framework/Versions/A/Frameworks/CommonPanels.framework/Versions/A/CommonPanels
0x0000000050231000 	/System/Library/Frameworks/Carbon.framework/Versions/A/Frameworks/Help.framework/Versions/A/Help
0x0000000050231000 	/System/Library/Frameworks/Carbon.framework/Versions/A/Frameworks/ImageCapture.framework/Versions/A/ImageCapture
0x0000000050231000 	/System/Library/Frameworks/Carbon.framework/Versions/A/Frameworks/OpenScripting.framework/Versions/A/OpenScripting
0x0000000050231000 	/System/Library/Frameworks/Carbon.framework/Versions/A/Frameworks/Print.framework/Versions/A/Print
0x0000000050231000 	/System/Library/Frameworks/Carbon.framework/Versions/A/Frameworks/SecurityHI.framework/Versions/A/SecurityHI
0x000000010c9f7000 	/Library/Java/JavaVirtualMachines/jdk1.8.0_11.jdk/Contents/Home/jre/lib/libdt_socket.dylib

VM Arguments:
jvm_args: -agentlib:jdwp=transport=dt_socket,address=127.0.0.1:50260,suspend=y,server=n -Dfile.encoding=UTF-8 
java_command: FSMTest
java_class_path (initial): /Library/Java/JavaVirtualMachines/jdk1.8.0_11.jdk/Contents/Home/jre/lib/charsets.jar:/Library/Java/JavaVirtualMachines/jdk1.8.0_11.jdk/Contents/Home/jre/lib/deploy.jar:/Library/Java/JavaVirtualMachines/jdk1.8.0_11.jdk/Contents/Home/jre/lib/ext/cldrdata.jar:/Library/Java/JavaVirtualMachines/jdk1.8.0_11.jdk/Contents/Home/jre/lib/ext/dnsns.jar:/Library/Java/JavaVirtualMachines/jdk1.8.0_11.jdk/Contents/Home/jre/lib/ext/jfxrt.jar:/Library/Java/JavaVirtualMachines/jdk1.8.0_11.jdk/Contents/Home/jre/lib/ext/localedata.jar:/Library/Java/JavaVirtualMachines/jdk1.8.0_11.jdk/Contents/Home/jre/lib/ext/nashorn.jar:/Library/Java/JavaVirtualMachines/jdk1.8.0_11.jdk/Contents/Home/jre/lib/ext/sunec.jar:/Library/Java/JavaVirtualMachines/jdk1.8.0_11.jdk/Contents/Home/jre/lib/ext/sunjce_provider.jar:/Library/Java/JavaVirtualMachines/jdk1.8.0_11.jdk/Contents/Home/jre/lib/ext/sunpkcs11.jar:/Library/Java/JavaVirtualMachines/jdk1.8.0_11.jdk/Contents/Home/jre/lib/ext/zipfs.jar:/Library/Java/JavaVirtualMachines/jdk1.8.0_11.jdk/Contents/Home/jre/lib/htmlconverter.jar:/Library/Java/JavaVirtualMachines/jdk1.8.0_11.jdk/Contents/Home/jre/lib/javaws.jar:/Library/Java/JavaVirtualMachines/jdk1.8.0_11.jdk/Contents/Home/jre/lib/jce.jar:/Library/Java/JavaVirtualMachines/jdk1.8.0_11.jdk/Contents/Home/jre/lib/jfr.jar:/Library/Java/JavaVirtualMachines/jdk1.8.0_11.jdk/Contents/Home/jre/lib/jfxswt.jar:/Library/Java/JavaVirtualMachines/jdk1.8.0_11.jdk/Contents/Home/jre/lib/jsse.jar:/Library/Java/JavaVirtualMachines/jdk1.8.0_11.jdk/Contents/Home/jre/lib/management-agent.jar:/Library/Java/JavaVirtualMachines/jdk1.8.0_11.jdk/Contents/Home/jre/lib/plugin.jar:/Library/Java/JavaVirtualMachines/jdk1.8.0_11.jdk/Contents/Home/jre/lib/resources.jar:/Library/Java/JavaVirtualMachines/jdk1.8.0_11.jdk/Contents/Home/jre/lib/rt.jar:/Library/Java/JavaVirtualMachines/jdk1.8.0_11.jdk/Contents/Home/lib/ant-javafx.jar:/Library/Java/JavaVirtualMachines/jdk1.8.0_11.jdk/Contents/Home/lib/dt.jar:/Library/
Launcher Type: SUN_STANDARD

Environment Variables:
PATH=/Library/Frameworks/Python.framework/Versions/3.5/bin:/Users/naor/.local/bin:/usr/local/bin:/usr/bin:/bin:/usr/sbin:/sbin:/opt/X11/bin:/Users/naor/android-sdks/platform-tools
SHELL=/bin/bash
DISPLAY=/private/tmp/com.apple.launchd.6TD1Du8cuv/org.macosforge.xquartz:0

Signal Handlers:
SIGSEGV: [libjvm.dylib+0x56059b], sa_mask[0]=0xfffefeff, sa_flags=0x00000043
SIGBUS: [libjvm.dylib+0x56059b], sa_mask[0]=0xfffefeff, sa_flags=0x00000042
SIGFPE: [libjvm.dylib+0x4438f2], sa_mask[0]=0xfffefeff, sa_flags=0x00000042
SIGPIPE: [libjvm.dylib+0x4438f2], sa_mask[0]=0xfffefeff, sa_flags=0x00000042
SIGXFSZ: [libjvm.dylib+0x4438f2], sa_mask[0]=0xfffefeff, sa_flags=0x00000042
SIGILL: [libjvm.dylib+0x4438f2], sa_mask[0]=0xfffefeff, sa_flags=0x00000042
SIGUSR1: SIG_DFL, sa_mask[0]=0x00000000, sa_flags=0x00000000
SIGUSR2: [libjvm.dylib+0x443410], sa_mask[0]=0x00000004, sa_flags=0x00000042
SIGHUP: [libjvm.dylib+0x44179b], sa_mask[0]=0xfffefeff, sa_flags=0x00000042
SIGINT: [libjvm.dylib+0x44179b], sa_mask[0]=0xfffefeff, sa_flags=0x00000042
SIGTERM: [libjvm.dylib+0x44179b], sa_mask[0]=0xfffefeff, sa_flags=0x00000042
SIGQUIT: [libjvm.dylib+0x44179b], sa_mask[0]=0xfffefeff, sa_flags=0x00000042


---------------  S Y S T E M  ---------------

OS:Bsduname:Darwin 16.7.0 Darwin Kernel Version 16.7.0: Thu Jun 15 17:36:27 PDT 2017; root:xnu-3789.70.16~2/RELEASE_X86_64 x86_64
rlimit: STACK 8192k, CORE 0k, NPROC 709, NOFILE 10240, AS infinity
load average:3.45 3.50 3.17

CPU:total 4 (2 cores per cpu, 2 threads per core) family 6 model 58 stepping 9, cmov, cx8, fxsr, mmx, sse, sse2, sse3, ssse3, sse4.1, sse4.2, popcnt, avx, aes, clmul, erms, ht, tsc, tscinvbit

Memory: 4k page, physical 8388608k(80192k free)

/proc/meminfo:


vm_info: Java HotSpot(TM) 64-Bit Server VM (25.11-b03) for bsd-amd64 JRE (1.8.0_11-b12), built on Jun 16 2014 17:39:42 by "java_re" with gcc 4.2.1 (Based on Apple Inc. build 5658) (LLVM build 2336.11.00)

time: Sat Aug 19 17:24:32 2017
elapsed time: 26221 seconds

