#
# A fatal error has been detected by the Java Runtime Environment:
#
#  SIGSEGV (0xb) at pc=0x0000000104e0c228, pid=1182, tid=17155
#
# JRE version: Java(TM) SE Runtime Environment (8.0_11-b12) (build 1.8.0_11-b12)
# Java VM: Java HotSpot(TM) 64-Bit Server VM (25.11-b03 mixed mode bsd-amd64 compressed oops)
# Problematic frame:
# V  [libjvm.dylib+0x40c228]  Method::checked_resolve_jmethod_id(_jmethodID*)+0xe
#
# Failed to write core dump. Core dumps have been disabled. To enable core dumping, try "ulimit -c unlimited" before starting Java again
#
# If you would like to submit a bug report, please visit:
#   http://bugreport.sun.com/bugreport/crash.jsp
#

---------------  T H R E A D  ---------------

Current thread (0x00007fe8aa834000):  JavaThread "JDWP Transport Listener: dt_socket" daemon [_thread_in_vm, id=17155, stack(0x0000700006a93000,0x0000700006b93000)]

siginfo:si_signo=SIGSEGV: si_errno=0, si_code=1 (SEGV_MAPERR), si_addr=0x00007fe800000002

Registers:
RAX=0x0000000000000001, RBX=0x0000700006b92a8b, RCX=0x00000001051b0780, RDX=0x0000700006b92a8b
RSP=0x0000700006b929d0, RBP=0x0000700006b929e0, RSI=0x00007fe8aa834000, RDI=0x00007fe800000002
R8 =0x0000000000000003, R9 =0x0000000000000000, R10=0x0000000000000001, R11=0x0000000000000004
R12=0x00007fe8aa834000, R13=0x00007fe800000002, R14=0x00007fe800000002, R15=0x00007fe8a9f01ad0
RIP=0x0000000104e0c228, EFLAGS=0x0000000000010202, ERR=0x0000000000000004
  TRAPNO=0x000000000000000e

Top of Stack: (sp=0x0000700006b929d0)
0x0000700006b929d0:   0000700006b92a8b 0000700006b92a8b
0x0000700006b929e0:   0000700006b92a40 0000000104d2552a
0x0000700006b929f0:   00007fe8aa834000 0000000000000000
0x0000700006b92a00:   0000000000000000 0000000000000000
0x0000700006b92a10:   00007fe8aa834000 00007fe8aa834000
0x0000700006b92a20:   0000700006b92a8b 0000700006b92a90
0x0000700006b92a30:   00007fe800000002 0000000000000002
0x0000700006b92a40:   0000700006b92a60 00000001041807dc
0x0000700006b92a50:   0000000000000001 0000700006b92b08
0x0000700006b92a60:   0000700006b92ad0 0000000104165263
0x0000700006b92a70:   0000700006b92aa0 00007fe8a9f30a90
0x0000700006b92a80:   0000000300000032 0000000900b92b08
0x0000700006b92a90:   0000000000000000 0000000000000000
0x0000700006b92aa0:   0000000000000000 0000700006b92c90
0x0000700006b92ab0:   0000000104187eca 00007fe8a9e20c80
0x0000700006b92ac0:   0000700006b92b08 0000000104193588
0x0000700006b92ad0:   0000700006b92ae0 000000010416535c
0x0000700006b92ae0:   0000700006b92d00 000000010416e8f6
0x0000700006b92af0:   0000182400000013 00000000000f0200
0x0000700006b92b00:   00007fe8a9e20c70 0000700006b92be7
0x0000700006b92b10:   00007fe80000009d 0000700006b92b20
0x0000700006b92b20:   00007fe80000008f 0000700006b92b58
0x0000700006b92b30:   0000000000000000 0000000000000000
0x0000700006b92b40:   000018240000000f 0000000000000080
0x0000700006b92b50:   0000700006b92b58 e87f000003000000
0x0000700006b92b60:   18000000b088f3a9 536e6961746e6f63
0x0000700006b92b70:   4665636e61757165 74726174536d6f72
0x0000700006b92b80:   6a4c5b2829000000 676e616c2f617661
0x0000700006b92b90:   3b676e697274532f 6c2f6176616a4c5b
0x0000700006b92ba0:   697274532f676e61 0000005a293b676e
0x0000700006b92bb0:   7f00000a00000000 000000306ed2a9e8
0x0000700006b92bc0:   0000006e69616d04 6176616a4c5b2816 

Instructions: (pc=0x0000000104e0c228)
0x0000000104e0c208:   40 48 48 85 c0 75 e0 30 c0 0f b6 c0 5d c3 31 c0
0x0000000104e0c218:   5d c3 55 48 89 e5 53 48 83 ec 08 48 85 ff 74 24
0x0000000104e0c228:   48 8b 1f 48 85 db 74 1c 48 83 fb 37 74 16 48 8b
0x0000000104e0c238:   03 48 89 df ff 50 08 84 c0 b8 00 00 00 00 48 0f 

Register to memory mapping:

RAX=0x0000000000000001 is an unknown value
RBX=0x0000700006b92a8b is pointing into the stack for thread: 0x00007fe8aa834000
RCX=0x00000001051b0780: UseMembar+0 in /Library/Java/JavaVirtualMachines/jdk1.8.0_11.jdk/Contents/Home/jre/lib/server/libjvm.dylib at 0x0000000104a00000
RDX=0x0000700006b92a8b is pointing into the stack for thread: 0x00007fe8aa834000
RSP=0x0000700006b929d0 is pointing into the stack for thread: 0x00007fe8aa834000
RBP=0x0000700006b929e0 is pointing into the stack for thread: 0x00007fe8aa834000
RSI=0x00007fe8aa834000 is a thread
RDI=0x00007fe800000002 is an unknown value
R8 =0x0000000000000003 is an unknown value
R9 =0x0000000000000000 is an unknown value
R10=0x0000000000000001 is an unknown value
R11=0x0000000000000004 is an unknown value
R12=0x00007fe8aa834000 is a thread
R13=0x00007fe800000002 is an unknown value
R14=0x00007fe800000002 is an unknown value
R15=0x00007fe8a9f01ad0 is an unknown value


Stack: [0x0000700006a93000,0x0000700006b93000],  sp=0x0000700006b929d0,  free space=1022k
Native frames: (J=compiled Java code, j=interpreted, Vv=VM code, C=native code)
V  [libjvm.dylib+0x40c228]  Method::checked_resolve_jmethod_id(_jmethodID*)+0xe
V  [libjvm.dylib+0x32552a]  jvmti_IsMethodSynthetic+0xb2
C  [libjdwp.dylib+0x207dc]  isMethodSynthetic+0x63
C  [libjdwp.dylib+0x5263]  methods1+0x10b
C  [libjdwp.dylib+0x535c]  methodsWithGeneric+0xe
C  [libjdwp.dylib+0xe8f6]  debugLoop_run+0x1ce
C  [libjdwp.dylib+0x1f716]  attachThread+0x4d
V  [libjvm.dylib+0x36659a]  JvmtiAgentThread::call_start_function()+0x38
V  [libjvm.dylib+0x51d86d]  JavaThread::thread_main_inner()+0x9b
V  [libjvm.dylib+0x51efaa]  JavaThread::run()+0x1c2
V  [libjvm.dylib+0x446026]  java_start(Thread*)+0xf6
C  [libsystem_pthread.dylib+0x393b]  _pthread_body+0xb4
C  [libsystem_pthread.dylib+0x3887]  _pthread_body+0x0
C  [libsystem_pthread.dylib+0x308d]  thread_start+0xd


---------------  P R O C E S S  ---------------

Java Threads: ( => current thread )
  0x00007fe8ab03a000 JavaThread "Service Thread" daemon [_thread_blocked, id=20227, stack(0x00007000070a5000,0x00007000071a5000)]
  0x00007fe8aa82f800 JavaThread "C1 CompilerThread2" daemon [_thread_blocked, id=19715, stack(0x0000700006fa2000,0x00007000070a2000)]
  0x00007fe8ab038000 JavaThread "C2 CompilerThread1" daemon [_thread_blocked, id=19203, stack(0x0000700006e9f000,0x0000700006f9f000)]
  0x00007fe8aa834800 JavaThread "C2 CompilerThread0" daemon [_thread_blocked, id=18691, stack(0x0000700006d9c000,0x0000700006e9c000)]
  0x00007fe8aa00e800 JavaThread "JDWP Command Reader" daemon [_thread_in_native, id=18179, stack(0x0000700006c99000,0x0000700006d99000)]
  0x00007fe8ab039000 JavaThread "JDWP Event Helper Thread" daemon [_thread_blocked, id=17667, stack(0x0000700006b96000,0x0000700006c96000)]
=>0x00007fe8aa834000 JavaThread "JDWP Transport Listener: dt_socket" daemon [_thread_in_vm, id=17155, stack(0x0000700006a93000,0x0000700006b93000)]
  0x00007fe8aa80e000 JavaThread "Signal Dispatcher" daemon [_thread_blocked, id=16643, stack(0x0000700006990000,0x0000700006a90000)]
  0x00007fe8ab005800 JavaThread "Finalizer" daemon [_thread_blocked, id=12547, stack(0x000070000688d000,0x000070000698d000)]
  0x00007fe8ab004800 JavaThread "Reference Handler" daemon [_thread_blocked, id=12035, stack(0x000070000678a000,0x000070000688a000)]
  0x00007fe8aa805000 JavaThread "main" [_thread_blocked, id=7171, stack(0x0000700006178000,0x0000700006278000)]

Other Threads:
  0x00007fe8ab849000 VMThread [stack: 0x0000700006687000,0x0000700006787000] [id=11523]
  0x00007fe8aa001800 WatcherThread [stack: 0x00007000071a8000,0x00007000072a8000] [id=20739]

VM state:not at safepoint (normal execution)

VM Mutex/Monitor currently owned by a thread: None

Heap:
 PSYoungGen      total 1024K, used 776K [0x0000000795580000, 0x0000000795780000, 0x00000007c0000000)
  eden space 512K, 54% used [0x0000000795580000,0x00000007955c6340,0x0000000795600000)
  from space 512K, 96% used [0x0000000795680000,0x00000007956fc010,0x0000000795700000)
  to   space 512K, 0% used [0x0000000795600000,0x0000000795600000,0x0000000795680000)
 ParOldGen       total 129536K, used 64K [0x0000000740000000, 0x0000000747e80000, 0x0000000795580000)
  object space 129536K, 0% used [0x0000000740000000,0x0000000740010000,0x0000000747e80000)
 Metaspace       used 2835K, capacity 4568K, committed 4864K, reserved 1056768K
  class space    used 307K, capacity 392K, committed 512K, reserved 1048576K

Card table byte_map: [0x0000000105c81000,0x0000000106082000] byte_map_base: 0x0000000102281000

Marking Bits: (ParMarkBitMap*) 0x00000001052670a0
 Begin Bits: [0x000000010632d000, 0x000000010832d000)
 End Bits:   [0x000000010832d000, 0x000000010a32d000)

Polling page: 0x000000010415f000

CodeCache: size=245760Kb used=1251Kb max_used=1251Kb free=244508Kb
 bounds [0x00000001124ed000, 0x000000011275d000, 0x00000001214ed000]
 total_blobs=315 nmethods=90 adapters=149
 compilation: enabled

Compilation events (10 events):
Event: 0.264 Thread 0x00007fe8aa82f800   85       3       java.util.zip.ZipFile::ensureOpen (37 bytes)
Event: 0.264 Thread 0x00007fe8aa82f800 nmethod 85 0x0000000112620890 code [0x0000000112620a20, 0x0000000112620d18]
Event: 0.264 Thread 0x00007fe8aa82f800   87       3       java.lang.String::indexOf (166 bytes)
Event: 0.265 Thread 0x00007fe8aa82f800 nmethod 87 0x0000000112620e50 code [0x0000000112621000, 0x0000000112621630]
Event: 0.265 Thread 0x00007fe8aa82f800   86       3       java.util.zip.ZipCoder::getBytes (192 bytes)
Event: 0.267 Thread 0x00007fe8aa82f800 nmethod 86 0x0000000112621a50 code [0x0000000112621e20, 0x0000000112623eb8]
Event: 0.267 Thread 0x00007fe8aa82f800   88   !   3       sun.misc.URLClassPath$JarLoader::ensureOpen (32 bytes)
Event: 0.267 Thread 0x00007fe8aa82f800 nmethod 88 0x0000000112625210 code [0x00000001126253a0, 0x0000000112625808]
Event: 1949.267 Thread 0x00007fe8aa82f800   89       3       java.util.concurrent.ConcurrentHashMap::tabAt (21 bytes)
Event: 1949.267 Thread 0x00007fe8aa82f800 nmethod 89 0x0000000112625d50 code [0x0000000112625ea0, 0x00000001126260d0]

GC Heap History (4 events):
Event: 0.188 GC heap before
{Heap before GC invocations=1 (full 0):
 PSYoungGen      total 1024K, used 512K [0x0000000795580000, 0x0000000795700000, 0x00000007c0000000)
  eden space 512K, 100% used [0x0000000795580000,0x0000000795600000,0x0000000795600000)
  from space 512K, 0% used [0x0000000795680000,0x0000000795680000,0x0000000795700000)
  to   space 512K, 0% used [0x0000000795600000,0x0000000795600000,0x0000000795680000)
 ParOldGen       total 129536K, used 0K [0x0000000740000000, 0x0000000747e80000, 0x0000000795580000)
  object space 129536K, 0% used [0x0000000740000000,0x0000000740000000,0x0000000747e80000)
 Metaspace       used 2285K, capacity 4480K, committed 4480K, reserved 1056768K
  class space    used 247K, capacity 384K, committed 384K, reserved 1048576K
Event: 0.189 GC heap after
Heap after GC invocations=1 (full 0):
 PSYoungGen      total 1024K, used 400K [0x0000000795580000, 0x0000000795700000, 0x00000007c0000000)
  eden space 512K, 0% used [0x0000000795580000,0x0000000795580000,0x0000000795600000)
  from space 512K, 78% used [0x0000000795600000,0x0000000795664010,0x0000000795680000)
  to   space 512K, 0% used [0x0000000795680000,0x0000000795680000,0x0000000795700000)
 ParOldGen       total 129536K, used 0K [0x0000000740000000, 0x0000000747e80000, 0x0000000795580000)
  object space 129536K, 0% used [0x0000000740000000,0x0000000740000000,0x0000000747e80000)
 Metaspace       used 2285K, capacity 4480K, committed 4480K, reserved 1056768K
  class space    used 247K, capacity 384K, committed 384K, reserved 1048576K
}
Event: 0.238 GC heap before
{Heap before GC invocations=2 (full 0):
 PSYoungGen      total 1024K, used 906K [0x0000000795580000, 0x0000000795700000, 0x00000007c0000000)
  eden space 512K, 98% used [0x0000000795580000,0x00000007955feab8,0x0000000795600000)
  from space 512K, 78% used [0x0000000795600000,0x0000000795664010,0x0000000795680000)
  to   space 512K, 0% used [0x0000000795680000,0x0000000795680000,0x0000000795700000)
 ParOldGen       total 129536K, used 0K [0x0000000740000000, 0x0000000747e80000, 0x0000000795580000)
  object space 129536K, 0% used [0x0000000740000000,0x0000000740000000,0x0000000747e80000)
 Metaspace       used 2660K, capacity 4480K, committed 4480K, reserved 1056768K
  class space    used 287K, capacity 384K, committed 384K, reserved 1048576K
Event: 0.239 GC heap after
Heap after GC invocations=2 (full 0):
 PSYoungGen      total 1024K, used 496K [0x0000000795580000, 0x0000000795780000, 0x00000007c0000000)
  eden space 512K, 0% used [0x0000000795580000,0x0000000795580000,0x0000000795600000)
  from space 512K, 96% used [0x0000000795680000,0x00000007956fc010,0x0000000795700000)
  to   space 512K, 0% used [0x0000000795600000,0x0000000795600000,0x0000000795680000)
 ParOldGen       total 129536K, used 64K [0x0000000740000000, 0x0000000747e80000, 0x0000000795580000)
  object space 129536K, 0% used [0x0000000740000000,0x0000000740010000,0x0000000747e80000)
 Metaspace       used 2660K, capacity 4480K, committed 4480K, reserved 1056768K
  class space    used 287K, capacity 384K, committed 384K, reserved 1048576K
}

Deoptimization events (0 events):
No events

Internal exceptions (10 events):
Event: 0.240 Thread 0x00007fe8aa805000 Exception <a 'java/security/PrivilegedActionException'> (0x00000007955853a0) thrown at [/HUDSON3/workspace/8-2-build-macosx-x86_64/jdk8u11/648/hotspot/src/share/vm/prims/jvm.cpp, line 1248]
Event: 0.240 Thread 0x00007fe8aa805000 Exception <a 'java/security/PrivilegedActionException'> (0x0000000795585558) thrown at [/HUDSON3/workspace/8-2-build-macosx-x86_64/jdk8u11/648/hotspot/src/share/vm/prims/jvm.cpp, line 1248]
Event: 0.241 Thread 0x00007fe8aa805000 Exception <a 'java/security/PrivilegedActionException'> (0x00000007955858c8) thrown at [/HUDSON3/workspace/8-2-build-macosx-x86_64/jdk8u11/648/hotspot/src/share/vm/prims/jvm.cpp, line 1248]
Event: 0.255 Thread 0x00007fe8aa805000 Exception <a 'java/security/PrivilegedActionException'> (0x00000007955af860) thrown at [/HUDSON3/workspace/8-2-build-macosx-x86_64/jdk8u11/648/hotspot/src/share/vm/prims/jvm.cpp, line 1248]
Event: 0.256 Thread 0x00007fe8aa805000 Exception <a 'java/security/PrivilegedActionException'> (0x00000007955b2468) thrown at [/HUDSON3/workspace/8-2-build-macosx-x86_64/jdk8u11/648/hotspot/src/share/vm/prims/jvm.cpp, line 1248]
Event: 0.257 Thread 0x00007fe8aa805000 Exception <a 'java/security/PrivilegedActionException'> (0x00000007955b53a0) thrown at [/HUDSON3/workspace/8-2-build-macosx-x86_64/jdk8u11/648/hotspot/src/share/vm/prims/jvm.cpp, line 1248]
Event: 0.258 Thread 0x00007fe8aa805000 Exception <a 'java/security/PrivilegedActionException'> (0x00000007955b7ac8) thrown at [/HUDSON3/workspace/8-2-build-macosx-x86_64/jdk8u11/648/hotspot/src/share/vm/prims/jvm.cpp, line 1248]
Event: 0.258 Thread 0x00007fe8aa805000 Exception <a 'java/security/PrivilegedActionException'> (0x00000007955ba1c8) thrown at [/HUDSON3/workspace/8-2-build-macosx-x86_64/jdk8u11/648/hotspot/src/share/vm/prims/jvm.cpp, line 1248]
Event: 0.264 Thread 0x00007fe8aa805000 Exception <a 'java/security/PrivilegedActionException'> (0x00000007955bd778) thrown at [/HUDSON3/workspace/8-2-build-macosx-x86_64/jdk8u11/648/hotspot/src/share/vm/prims/jvm.cpp, line 1248]
Event: 0.264 Thread 0x00007fe8aa805000 Exception <a 'java/security/PrivilegedActionException'> (0x00000007955c1468) thrown at [/HUDSON3/workspace/8-2-build-macosx-x86_64/jdk8u11/648/hotspot/src/share/vm/prims/jvm.cpp, line 1248]

Events (10 events):
Event: 3695.777 Executing VM operation: ChangeBreakpoints
Event: 3695.777 Executing VM operation: ChangeBreakpoints done
Event: 3695.782 Executing VM operation: ChangeBreakpoints
Event: 3695.782 Executing VM operation: ChangeBreakpoints done
Event: 3695.784 Executing VM operation: RedefineClasses
Event: 3695.787 Executing VM operation: RedefineClasses done
Event: 3695.795 Executing VM operation: GetOrSetLocal
Event: 3695.795 Executing VM operation: GetOrSetLocal done
Event: 3695.816 Executing VM operation: ChangeBreakpoints
Event: 3695.816 Executing VM operation: ChangeBreakpoints done


Dynamic libraries:
0x0000000050231000 	/System/Library/Frameworks/Cocoa.framework/Versions/A/Cocoa
0x0000000050231000 	/System/Library/Frameworks/Security.framework/Versions/A/Security
0x0000000050231000 	/System/Library/Frameworks/ApplicationServices.framework/Versions/A/ApplicationServices
0x0000000050231000 	/usr/lib/libz.1.dylib
0x0000000050231000 	/usr/lib/libSystem.B.dylib
0x0000000050231000 	/usr/lib/libobjc.A.dylib
0x0000000050231000 	/System/Library/Frameworks/CoreFoundation.framework/Versions/A/CoreFoundation
0x0000000050231000 	/System/Library/Frameworks/Foundation.framework/Versions/C/Foundation
0x0000000050231000 	/System/Library/Frameworks/AppKit.framework/Versions/C/AppKit
0x0000000050231000 	/System/Library/Frameworks/CoreData.framework/Versions/A/CoreData
0x0000000050231000 	/System/Library/PrivateFrameworks/RemoteViewServices.framework/Versions/A/RemoteViewServices
0x0000000050231000 	/System/Library/PrivateFrameworks/UIFoundation.framework/Versions/A/UIFoundation
0x0000000050231000 	/System/Library/PrivateFrameworks/DFRFoundation.framework/Versions/A/DFRFoundation
0x0000000050231000 	/usr/lib/libenergytrace.dylib
0x0000000050231000 	/System/Library/PrivateFrameworks/SkyLight.framework/Versions/A/SkyLight
0x0000000050231000 	/System/Library/Frameworks/CoreGraphics.framework/Versions/A/CoreGraphics
0x0000000050231000 	/usr/lib/libScreenReader.dylib
0x0000000050231000 	/System/Library/Frameworks/Accelerate.framework/Versions/A/Accelerate
0x0000000050231000 	/System/Library/Frameworks/IOSurface.framework/Versions/A/IOSurface
0x0000000050231000 	/System/Library/Frameworks/AudioToolbox.framework/Versions/A/AudioToolbox
0x0000000050231000 	/System/Library/Frameworks/AudioUnit.framework/Versions/A/AudioUnit
0x0000000050231000 	/System/Library/PrivateFrameworks/DataDetectorsCore.framework/Versions/A/DataDetectorsCore
0x0000000050231000 	/System/Library/PrivateFrameworks/DesktopServicesPriv.framework/Versions/A/DesktopServicesPriv
0x0000000050231000 	/System/Library/Frameworks/Carbon.framework/Versions/A/Frameworks/HIToolbox.framework/Versions/A/HIToolbox
0x0000000050231000 	/usr/lib/libicucore.A.dylib
0x0000000050231000 	/System/Library/Frameworks/QuartzCore.framework/Versions/A/QuartzCore
0x0000000050231000 	/System/Library/Frameworks/Carbon.framework/Versions/A/Frameworks/SpeechRecognition.framework/Versions/A/SpeechRecognition
0x0000000050231000 	/usr/lib/libauto.dylib
0x0000000050231000 	/usr/lib/libxml2.2.dylib
0x0000000050231000 	/System/Library/PrivateFrameworks/CoreUI.framework/Versions/A/CoreUI
0x0000000050231000 	/System/Library/Frameworks/CoreAudio.framework/Versions/A/CoreAudio
0x0000000050231000 	/System/Library/Frameworks/DiskArbitration.framework/Versions/A/DiskArbitration
0x0000000050231000 	/usr/lib/liblangid.dylib
0x0000000050231000 	/System/Library/PrivateFrameworks/MultitouchSupport.framework/Versions/A/MultitouchSupport
0x0000000050231000 	/System/Library/Frameworks/IOKit.framework/Versions/A/IOKit
0x0000000050231000 	/usr/lib/libDiagnosticMessagesClient.dylib
0x0000000050231000 	/System/Library/Frameworks/CoreServices.framework/Versions/A/CoreServices
0x0000000050231000 	/System/Library/PrivateFrameworks/PerformanceAnalysis.framework/Versions/A/PerformanceAnalysis
0x0000000050231000 	/System/Library/PrivateFrameworks/GenerationalStorage.framework/Versions/A/GenerationalStorage
0x0000000050231000 	/System/Library/Frameworks/OpenGL.framework/Versions/A/OpenGL
0x0000000050231000 	/System/Library/Frameworks/CoreImage.framework/Versions/A/CoreImage
0x0000000050231000 	/System/Library/Frameworks/CoreText.framework/Versions/A/CoreText
0x0000000050231000 	/System/Library/Frameworks/ImageIO.framework/Versions/A/ImageIO
0x0000000050231000 	/System/Library/PrivateFrameworks/Backup.framework/Versions/A/Backup
0x0000000050231000 	/usr/lib/libarchive.2.dylib
0x0000000050231000 	/System/Library/Frameworks/CFNetwork.framework/Versions/A/CFNetwork
0x0000000050231000 	/System/Library/Frameworks/SystemConfiguration.framework/Versions/A/SystemConfiguration
0x0000000050231000 	/usr/lib/libCRFSuite.dylib
0x0000000050231000 	/usr/lib/libc++.1.dylib
0x0000000050231000 	/usr/lib/libc++abi.dylib
0x0000000050231000 	/usr/lib/system/libcache.dylib
0x0000000050231000 	/usr/lib/system/libcommonCrypto.dylib
0x0000000050231000 	/usr/lib/system/libcompiler_rt.dylib
0x0000000050231000 	/usr/lib/system/libcopyfile.dylib
0x0000000050231000 	/usr/lib/system/libcorecrypto.dylib
0x0000000050231000 	/usr/lib/system/libdispatch.dylib
0x0000000050231000 	/usr/lib/system/libdyld.dylib
0x0000000050231000 	/usr/lib/system/libkeymgr.dylib
0x0000000050231000 	/usr/lib/system/liblaunch.dylib
0x0000000050231000 	/usr/lib/system/libmacho.dylib
0x0000000050231000 	/usr/lib/system/libquarantine.dylib
0x0000000050231000 	/usr/lib/system/libremovefile.dylib
0x0000000050231000 	/usr/lib/system/libsystem_asl.dylib
0x0000000050231000 	/usr/lib/system/libsystem_blocks.dylib
0x0000000050231000 	/usr/lib/system/libsystem_c.dylib
0x0000000050231000 	/usr/lib/system/libsystem_configuration.dylib
0x0000000050231000 	/usr/lib/system/libsystem_coreservices.dylib
0x0000000050231000 	/usr/lib/system/libsystem_coretls.dylib
0x0000000050231000 	/usr/lib/system/libsystem_dnssd.dylib
0x0000000050231000 	/usr/lib/system/libsystem_info.dylib
0x0000000050231000 	/usr/lib/system/libsystem_kernel.dylib
0x0000000050231000 	/usr/lib/system/libsystem_m.dylib
0x0000000050231000 	/usr/lib/system/libsystem_malloc.dylib
0x0000000050231000 	/usr/lib/system/libsystem_network.dylib
0x0000000050231000 	/usr/lib/system/libsystem_networkextension.dylib
0x0000000050231000 	/usr/lib/system/libsystem_notify.dylib
0x0000000050231000 	/usr/lib/system/libsystem_platform.dylib
0x0000000050231000 	/usr/lib/system/libsystem_pthread.dylib
0x0000000050231000 	/usr/lib/system/libsystem_sandbox.dylib
0x0000000050231000 	/usr/lib/system/libsystem_secinit.dylib
0x0000000050231000 	/usr/lib/system/libsystem_symptoms.dylib
0x0000000050231000 	/usr/lib/system/libsystem_trace.dylib
0x0000000050231000 	/usr/lib/system/libunwind.dylib
0x0000000050231000 	/usr/lib/system/libxpc.dylib
0x0000000050231000 	/usr/lib/libbsm.0.dylib
0x0000000050231000 	/usr/lib/system/libkxld.dylib
0x0000000050231000 	/usr/lib/libcoretls.dylib
0x0000000050231000 	/usr/lib/libcoretls_cfhelpers.dylib
0x0000000050231000 	/usr/lib/libOpenScriptingUtil.dylib
0x0000000050231000 	/usr/lib/libpam.2.dylib
0x0000000050231000 	/usr/lib/libsqlite3.dylib
0x0000000050231000 	/usr/lib/libxar.1.dylib
0x0000000050231000 	/usr/lib/libbz2.1.0.dylib
0x0000000050231000 	/usr/lib/liblzma.5.dylib
0x0000000050231000 	/usr/lib/libnetwork.dylib
0x0000000050231000 	/usr/lib/libpcap.A.dylib
0x0000000050231000 	/System/Library/Frameworks/CoreServices.framework/Versions/A/Frameworks/FSEvents.framework/Versions/A/FSEvents
0x0000000050231000 	/System/Library/Frameworks/CoreServices.framework/Versions/A/Frameworks/CarbonCore.framework/Versions/A/CarbonCore
0x0000000050231000 	/System/Library/Frameworks/CoreServices.framework/Versions/A/Frameworks/Metadata.framework/Versions/A/Metadata
0x0000000050231000 	/System/Library/Frameworks/CoreServices.framework/Versions/A/Frameworks/OSServices.framework/Versions/A/OSServices
0x0000000050231000 	/System/Library/Frameworks/CoreServices.framework/Versions/A/Frameworks/SearchKit.framework/Versions/A/SearchKit
0x0000000050231000 	/System/Library/Frameworks/CoreServices.framework/Versions/A/Frameworks/AE.framework/Versions/A/AE
0x0000000050231000 	/System/Library/Frameworks/CoreServices.framework/Versions/A/Frameworks/LaunchServices.framework/Versions/A/LaunchServices
0x0000000050231000 	/System/Library/Frameworks/CoreServices.framework/Versions/A/Frameworks/DictionaryServices.framework/Versions/A/DictionaryServices
0x0000000050231000 	/System/Library/Frameworks/CoreServices.framework/Versions/A/Frameworks/SharedFileList.framework/Versions/A/SharedFileList
0x0000000050231000 	/System/Library/Frameworks/NetFS.framework/Versions/A/NetFS
0x0000000050231000 	/System/Library/PrivateFrameworks/NetAuth.framework/Versions/A/NetAuth
0x0000000050231000 	/System/Library/PrivateFrameworks/login.framework/Versions/A/Frameworks/loginsupport.framework/Versions/A/loginsupport
0x0000000050231000 	/System/Library/PrivateFrameworks/TCC.framework/Versions/A/TCC
0x0000000050231000 	/usr/lib/libmecabra.dylib
0x0000000050231000 	/System/Library/Frameworks/ApplicationServices.framework/Versions/A/Frameworks/ATS.framework/Versions/A/ATS
0x0000000050231000 	/System/Library/Frameworks/ApplicationServices.framework/Versions/A/Frameworks/ColorSync.framework/Versions/A/ColorSync
0x0000000050231000 	/System/Library/Frameworks/ApplicationServices.framework/Versions/A/Frameworks/HIServices.framework/Versions/A/HIServices
0x0000000050231000 	/System/Library/Frameworks/ApplicationServices.framework/Versions/A/Frameworks/LangAnalysis.framework/Versions/A/LangAnalysis
0x0000000050231000 	/System/Library/Frameworks/ApplicationServices.framework/Versions/A/Frameworks/PrintCore.framework/Versions/A/PrintCore
0x0000000050231000 	/System/Library/Frameworks/ApplicationServices.framework/Versions/A/Frameworks/QD.framework/Versions/A/QD
0x0000000050231000 	/System/Library/Frameworks/ApplicationServices.framework/Versions/A/Frameworks/SpeechSynthesis.framework/Versions/A/SpeechSynthesis
0x0000000050231000 	/System/Library/Frameworks/Accelerate.framework/Versions/A/Frameworks/vImage.framework/Versions/A/vImage
0x0000000050231000 	/System/Library/Frameworks/Accelerate.framework/Versions/A/Frameworks/vecLib.framework/Versions/A/vecLib
0x0000000050231000 	/System/Library/Frameworks/Accelerate.framework/Versions/A/Frameworks/vecLib.framework/Versions/A/libvDSP.dylib
0x0000000050231000 	/System/Library/Frameworks/Accelerate.framework/Versions/A/Frameworks/vecLib.framework/Versions/A/libBNNS.dylib
0x0000000050231000 	/System/Library/Frameworks/Accelerate.framework/Versions/A/Frameworks/vecLib.framework/Versions/A/libQuadrature.dylib
0x0000000050231000 	/System/Library/Frameworks/Accelerate.framework/Versions/A/Frameworks/vecLib.framework/Versions/A/libvMisc.dylib
0x0000000050231000 	/System/Library/Frameworks/Accelerate.framework/Versions/A/Frameworks/vecLib.framework/Versions/A/libLAPACK.dylib
0x0000000050231000 	/System/Library/Frameworks/Accelerate.framework/Versions/A/Frameworks/vecLib.framework/Versions/A/libBLAS.dylib
0x0000000050231000 	/System/Library/Frameworks/Accelerate.framework/Versions/A/Frameworks/vecLib.framework/Versions/A/libLinearAlgebra.dylib
0x0000000050231000 	/System/Library/Frameworks/Accelerate.framework/Versions/A/Frameworks/vecLib.framework/Versions/A/libSparseBLAS.dylib
0x0000000050231000 	/System/Library/Frameworks/ApplicationServices.framework/Versions/A/Frameworks/ATS.framework/Versions/A/Resources/libFontParser.dylib
0x0000000050231000 	/System/Library/Frameworks/ApplicationServices.framework/Versions/A/Frameworks/ATS.framework/Versions/A/Resources/libFontRegistry.dylib
0x0000000050231000 	/System/Library/Frameworks/ImageIO.framework/Versions/A/Resources/libJPEG.dylib
0x0000000050231000 	/System/Library/Frameworks/ImageIO.framework/Versions/A/Resources/libTIFF.dylib
0x0000000050231000 	/System/Library/Frameworks/ImageIO.framework/Versions/A/Resources/libPng.dylib
0x0000000050231000 	/System/Library/Frameworks/ImageIO.framework/Versions/A/Resources/libGIF.dylib
0x0000000050231000 	/System/Library/Frameworks/ImageIO.framework/Versions/A/Resources/libJP2.dylib
0x0000000050231000 	/System/Library/Frameworks/ImageIO.framework/Versions/A/Resources/libRadiance.dylib
0x0000000050231000 	/usr/lib/libcompression.dylib
0x0000000050231000 	/System/Library/PrivateFrameworks/AppleJPEG.framework/Versions/A/AppleJPEG
0x0000000050231000 	/usr/lib/libcups.2.dylib
0x0000000050231000 	/System/Library/Frameworks/Kerberos.framework/Versions/A/Kerberos
0x0000000050231000 	/System/Library/Frameworks/GSS.framework/Versions/A/GSS
0x0000000050231000 	/usr/lib/libresolv.9.dylib
0x0000000050231000 	/usr/lib/libiconv.2.dylib
0x0000000050231000 	/System/Library/PrivateFrameworks/Heimdal.framework/Versions/A/Heimdal
0x0000000050231000 	/usr/lib/libheimdal-asn1.dylib
0x0000000050231000 	/System/Library/Frameworks/OpenDirectory.framework/Versions/A/OpenDirectory
0x0000000050231000 	/System/Library/PrivateFrameworks/CommonAuth.framework/Versions/A/CommonAuth
0x0000000050231000 	/System/Library/Frameworks/OpenDirectory.framework/Versions/A/Frameworks/CFOpenDirectory.framework/Versions/A/CFOpenDirectory
0x0000000050231000 	/System/Library/Frameworks/SecurityFoundation.framework/Versions/A/SecurityFoundation
0x0000000050231000 	/System/Library/PrivateFrameworks/LanguageModeling.framework/Versions/A/LanguageModeling
0x0000000050231000 	/usr/lib/libmarisa.dylib
0x0000000050231000 	/usr/lib/libChineseTokenizer.dylib
0x0000000050231000 	/usr/lib/libcmph.dylib
0x0000000050231000 	/System/Library/PrivateFrameworks/CoreEmoji.framework/Versions/A/CoreEmoji
0x0000000050231000 	/System/Library/Frameworks/ServiceManagement.framework/Versions/A/ServiceManagement
0x0000000050231000 	/usr/lib/libxslt.1.dylib
0x0000000050231000 	/System/Library/Frameworks/Carbon.framework/Versions/A/Frameworks/Ink.framework/Versions/A/Ink
0x0000000050231000 	/System/Library/PrivateFrameworks/TextureIO.framework/Versions/A/TextureIO
0x0000000050231000 	/System/Library/Frameworks/Metal.framework/Versions/A/Metal
0x0000000050231000 	/usr/lib/libate.dylib
0x0000000050231000 	/System/Library/PrivateFrameworks/GPUCompiler.framework/libmetal_timestamp.dylib
0x0000000050231000 	/System/Library/Frameworks/OpenGL.framework/Versions/A/Libraries/libCoreFSCache.dylib
0x0000000050231000 	/System/Library/PrivateFrameworks/IOAccelerator.framework/Versions/A/IOAccelerator
0x0000000050231000 	/System/Library/Frameworks/CoreVideo.framework/Versions/A/CoreVideo
0x0000000050231000 	/usr/lib/libFosl_dynamic.dylib
0x0000000050231000 	/System/Library/PrivateFrameworks/MetalPerformanceShaders.framework/Versions/A/MetalPerformanceShaders
0x0000000050231000 	/System/Library/PrivateFrameworks/FaceCore.framework/Versions/A/FaceCore
0x0000000050231000 	/System/Library/Frameworks/OpenCL.framework/Versions/A/OpenCL
0x0000000050231000 	/System/Library/Frameworks/OpenGL.framework/Versions/A/Libraries/libGLU.dylib
0x0000000050231000 	/System/Library/Frameworks/OpenGL.framework/Versions/A/Libraries/libGFXShared.dylib
0x0000000050231000 	/System/Library/Frameworks/OpenGL.framework/Versions/A/Libraries/libGL.dylib
0x0000000050231000 	/System/Library/Frameworks/OpenGL.framework/Versions/A/Libraries/libGLImage.dylib
0x0000000050231000 	/System/Library/Frameworks/OpenGL.framework/Versions/A/Libraries/libCVMSPluginSupport.dylib
0x0000000050231000 	/System/Library/Frameworks/OpenGL.framework/Versions/A/Libraries/libCoreVMClient.dylib
0x0000000050231000 	/System/Library/PrivateFrameworks/CrashReporterSupport.framework/Versions/A/CrashReporterSupport
0x0000000050231000 	/System/Library/PrivateFrameworks/Sharing.framework/Versions/A/Sharing
0x0000000050231000 	/System/Library/PrivateFrameworks/IconServices.framework/Versions/A/IconServices
0x0000000050231000 	/System/Library/PrivateFrameworks/ProtocolBuffer.framework/Versions/A/ProtocolBuffer
0x0000000050231000 	/System/Library/PrivateFrameworks/Apple80211.framework/Versions/A/Apple80211
0x0000000050231000 	/System/Library/Frameworks/CoreWLAN.framework/Versions/A/CoreWLAN
0x0000000050231000 	/System/Library/PrivateFrameworks/CoreUtils.framework/Versions/A/CoreUtils
0x0000000050231000 	/System/Library/Frameworks/IOBluetooth.framework/Versions/A/IOBluetooth
0x0000000050231000 	/System/Library/PrivateFrameworks/CoreWiFi.framework/Versions/A/CoreWiFi
0x0000000050231000 	/System/Library/Frameworks/CoreBluetooth.framework/Versions/A/CoreBluetooth
0x0000000050231000 	/System/Library/Frameworks/CoreDisplay.framework/Versions/A/CoreDisplay
0x0000000050231000 	/System/Library/PrivateFrameworks/IOPresentment.framework/Versions/A/IOPresentment
0x0000000050231000 	/System/Library/PrivateFrameworks/DSExternalDisplay.framework/Versions/A/DSExternalDisplay
0x0000000050231000 	/System/Library/PrivateFrameworks/DebugSymbols.framework/Versions/A/DebugSymbols
0x0000000050231000 	/System/Library/PrivateFrameworks/CoreSymbolication.framework/Versions/A/CoreSymbolication
0x0000000050231000 	/System/Library/PrivateFrameworks/Symbolication.framework/Versions/A/Symbolication
0x0000000050231000 	/System/Library/PrivateFrameworks/AppleFSCompression.framework/Versions/A/AppleFSCompression
0x0000000050231000 	/System/Library/PrivateFrameworks/SpeechRecognitionCore.framework/Versions/A/SpeechRecognitionCore
0x0000000050231000 	/System/Library/PrivateFrameworks/ChunkingLibrary.framework/Versions/A/ChunkingLibrary
0x0000000104a00000 	/Library/Java/JavaVirtualMachines/jdk1.8.0_11.jdk/Contents/Home/jre/lib/server/libjvm.dylib
0x0000000050231000 	/usr/lib/libstdc++.6.dylib
0x000000010411d000 	/Library/Java/JavaVirtualMachines/jdk1.8.0_11.jdk/Contents/Home/jre/lib/libverify.dylib
0x000000010412b000 	/Library/Java/JavaVirtualMachines/jdk1.8.0_11.jdk/Contents/Home/jre/lib/libjava.dylib
0x0000000104160000 	/Library/Java/JavaVirtualMachines/jdk1.8.0_11.jdk/Contents/Home/jre/lib/libjdwp.dylib
0x00000001041ab000 	/Library/Java/JavaVirtualMachines/jdk1.8.0_11.jdk/Contents/Home/jre/lib/libnpt.dylib
0x00000001041b8000 	/Library/Java/JavaVirtualMachines/jdk1.8.0_11.jdk/Contents/Home/jre/lib/libzip.dylib
0x000000010c1f8000 	/System/Library/Frameworks/JavaVM.framework/Frameworks/JavaRuntimeSupport.framework/JavaRuntimeSupport
0x00000001041ea000 	/System/Library/Frameworks/JavaVM.framework/Versions/A/Frameworks/JavaNativeFoundation.framework/Versions/A/JavaNativeFoundation
0x000000010c212000 	/System/Library/Frameworks/JavaVM.framework/Versions/A/JavaVM
0x0000000050231000 	/System/Library/Frameworks/Carbon.framework/Versions/A/Carbon
0x000000010c21f000 	/System/Library/PrivateFrameworks/JavaLaunching.framework/Versions/A/JavaLaunching
0x0000000050231000 	/System/Library/Frameworks/Carbon.framework/Versions/A/Frameworks/CommonPanels.framework/Versions/A/CommonPanels
0x0000000050231000 	/System/Library/Frameworks/Carbon.framework/Versions/A/Frameworks/Help.framework/Versions/A/Help
0x0000000050231000 	/System/Library/Frameworks/Carbon.framework/Versions/A/Frameworks/ImageCapture.framework/Versions/A/ImageCapture
0x0000000050231000 	/System/Library/Frameworks/Carbon.framework/Versions/A/Frameworks/OpenScripting.framework/Versions/A/OpenScripting
0x0000000050231000 	/System/Library/Frameworks/Carbon.framework/Versions/A/Frameworks/Print.framework/Versions/A/Print
0x0000000050231000 	/System/Library/Frameworks/Carbon.framework/Versions/A/Frameworks/SecurityHI.framework/Versions/A/SecurityHI
0x000000010db32000 	/Library/Java/JavaVirtualMachines/jdk1.8.0_11.jdk/Contents/Home/jre/lib/libdt_socket.dylib

VM Arguments:
jvm_args: -agentlib:jdwp=transport=dt_socket,address=127.0.0.1:51171,suspend=y,server=n -Dfile.encoding=UTF-8 
java_command: FSMTest
java_class_path (initial): /Library/Java/JavaVirtualMachines/jdk1.8.0_11.jdk/Contents/Home/jre/lib/charsets.jar:/Library/Java/JavaVirtualMachines/jdk1.8.0_11.jdk/Contents/Home/jre/lib/deploy.jar:/Library/Java/JavaVirtualMachines/jdk1.8.0_11.jdk/Contents/Home/jre/lib/ext/cldrdata.jar:/Library/Java/JavaVirtualMachines/jdk1.8.0_11.jdk/Contents/Home/jre/lib/ext/dnsns.jar:/Library/Java/JavaVirtualMachines/jdk1.8.0_11.jdk/Contents/Home/jre/lib/ext/jfxrt.jar:/Library/Java/JavaVirtualMachines/jdk1.8.0_11.jdk/Contents/Home/jre/lib/ext/localedata.jar:/Library/Java/JavaVirtualMachines/jdk1.8.0_11.jdk/Contents/Home/jre/lib/ext/nashorn.jar:/Library/Java/JavaVirtualMachines/jdk1.8.0_11.jdk/Contents/Home/jre/lib/ext/sunec.jar:/Library/Java/JavaVirtualMachines/jdk1.8.0_11.jdk/Contents/Home/jre/lib/ext/sunjce_provider.jar:/Library/Java/JavaVirtualMachines/jdk1.8.0_11.jdk/Contents/Home/jre/lib/ext/sunpkcs11.jar:/Library/Java/JavaVirtualMachines/jdk1.8.0_11.jdk/Contents/Home/jre/lib/ext/zipfs.jar:/Library/Java/JavaVirtualMachines/jdk1.8.0_11.jdk/Contents/Home/jre/lib/htmlconverter.jar:/Library/Java/JavaVirtualMachines/jdk1.8.0_11.jdk/Contents/Home/jre/lib/javaws.jar:/Library/Java/JavaVirtualMachines/jdk1.8.0_11.jdk/Contents/Home/jre/lib/jce.jar:/Library/Java/JavaVirtualMachines/jdk1.8.0_11.jdk/Contents/Home/jre/lib/jfr.jar:/Library/Java/JavaVirtualMachines/jdk1.8.0_11.jdk/Contents/Home/jre/lib/jfxswt.jar:/Library/Java/JavaVirtualMachines/jdk1.8.0_11.jdk/Contents/Home/jre/lib/jsse.jar:/Library/Java/JavaVirtualMachines/jdk1.8.0_11.jdk/Contents/Home/jre/lib/management-agent.jar:/Library/Java/JavaVirtualMachines/jdk1.8.0_11.jdk/Contents/Home/jre/lib/plugin.jar:/Library/Java/JavaVirtualMachines/jdk1.8.0_11.jdk/Contents/Home/jre/lib/resources.jar:/Library/Java/JavaVirtualMachines/jdk1.8.0_11.jdk/Contents/Home/jre/lib/rt.jar:/Library/Java/JavaVirtualMachines/jdk1.8.0_11.jdk/Contents/Home/lib/ant-javafx.jar:/Library/Java/JavaVirtualMachines/jdk1.8.0_11.jdk/Contents/Home/lib/dt.jar:/Library/
Launcher Type: SUN_STANDARD

Environment Variables:
PATH=/Library/Frameworks/Python.framework/Versions/3.5/bin:/Users/naor/.local/bin:/usr/local/bin:/usr/bin:/bin:/usr/sbin:/sbin:/opt/X11/bin:/Users/naor/android-sdks/platform-tools
SHELL=/bin/bash
DISPLAY=/private/tmp/com.apple.launchd.6TD1Du8cuv/org.macosforge.xquartz:0

Signal Handlers:
SIGSEGV: [libjvm.dylib+0x56059b], sa_mask[0]=0xfffefeff, sa_flags=0x00000043
SIGBUS: [libjvm.dylib+0x56059b], sa_mask[0]=0xfffefeff, sa_flags=0x00000042
SIGFPE: [libjvm.dylib+0x4438f2], sa_mask[0]=0xfffefeff, sa_flags=0x00000042
SIGPIPE: [libjvm.dylib+0x4438f2], sa_mask[0]=0xfffefeff, sa_flags=0x00000042
SIGXFSZ: [libjvm.dylib+0x4438f2], sa_mask[0]=0xfffefeff, sa_flags=0x00000042
SIGILL: [libjvm.dylib+0x4438f2], sa_mask[0]=0xfffefeff, sa_flags=0x00000042
SIGUSR1: SIG_DFL, sa_mask[0]=0x00000000, sa_flags=0x00000000
SIGUSR2: [libjvm.dylib+0x443410], sa_mask[0]=0x00000004, sa_flags=0x00000042
SIGHUP: [libjvm.dylib+0x44179b], sa_mask[0]=0xfffefeff, sa_flags=0x00000042
SIGINT: [libjvm.dylib+0x44179b], sa_mask[0]=0xfffefeff, sa_flags=0x00000042
SIGTERM: [libjvm.dylib+0x44179b], sa_mask[0]=0xfffefeff, sa_flags=0x00000042
SIGQUIT: [libjvm.dylib+0x44179b], sa_mask[0]=0xfffefeff, sa_flags=0x00000042


---------------  S Y S T E M  ---------------

OS:Bsduname:Darwin 16.7.0 Darwin Kernel Version 16.7.0: Thu Jun 15 17:36:27 PDT 2017; root:xnu-3789.70.16~2/RELEASE_X86_64 x86_64
rlimit: STACK 8192k, CORE 0k, NPROC 709, NOFILE 10240, AS infinity
load average:3.45 3.50 3.17

CPU:total 4 (2 cores per cpu, 2 threads per core) family 6 model 58 stepping 9, cmov, cx8, fxsr, mmx, sse, sse2, sse3, ssse3, sse4.1, sse4.2, popcnt, avx, aes, clmul, erms, ht, tsc, tscinvbit

Memory: 4k page, physical 8388608k(52488k free)

/proc/meminfo:


vm_info: Java HotSpot(TM) 64-Bit Server VM (25.11-b03) for bsd-amd64 JRE (1.8.0_11-b12), built on Jun 16 2014 17:39:42 by "java_re" with gcc 4.2.1 (Based on Apple Inc. build 5658) (LLVM build 2336.11.00)

time: Sat Aug 19 17:24:32 2017
elapsed time: 3695 seconds

